<?xml version="1.0" encoding="UTF-8"?>
<testng-results skipped="0" failed="0" ignored="0" total="1" passed="1">
  <reporter-output>
  </reporter-output>
  <suite name="Default suite" duration-ms="3813" started-at="2018-09-05T23:35:35Z" finished-at="2018-09-05T23:35:39Z">
    <groups>
    </groups>
    <test name="Default test" duration-ms="3813" started-at="2018-09-05T23:35:35Z" finished-at="2018-09-05T23:35:39Z">
      <class name="com.swift.test.testcase">
        <test-method status="PASS" signature="launch()[pri:1, instance:com.swift.test.testcase@7c16905e]" name="launch" duration-ms="3788" started-at="2018-09-05T23:35:35Z" finished-at="2018-09-05T23:35:39Z">
          <reporter-output>
          </reporter-output>
        </test-method> <!-- launch -->
      </class> <!-- com.swift.test.testcase -->
    </test> <!-- Default test -->
  </suite> <!-- Default suite -->
</testng-results>
